Arguments: 
  /usr/bin/node /mnt/c/Users/mark.FEELANET/AppData/Roaming/npm/node_modules/yarn/bin/yarn.js add prop-types

PATH: 
  /home/markers16123/bin:/home/markers16123/.local/bin:/usr/local/sbin:/usr/local/bin:/usr/sbin:/usr/bin:/sbin:/bin:/usr/games:/usr/local/games:/mnt/c/Software/util/cmder/bin:/mnt/c/Software/util/cmder/vendor/conemu-maximus5/ConEmu/Scripts:/mnt/c/Software/util/cmder/vendor/conemu-maximus5:/mnt/c/Software/util/cmder/vendor/conemu-maximus5/ConEmu:/mnt/c/Program Files (x86)/Intel/iCLS Client:/mnt/c/Program Files/Intel/iCLS Client:/mnt/c/Windows/System32:/mnt/c/Windows:/mnt/c/Windows/System32/wbem:/mnt/c/Windows/System32/WindowsPowerShell/v1.0:/mnt/c/Program Files (x86)/Intel/Intel(R) Management Engine Components/DAL:/mnt/c/Program Files/Intel/Intel(R) Management Engine Components/DAL:/mnt/c/Program Files (x86)/Intel/Intel(R) Management Engine Components/IPT:/mnt/c/Program Files/Intel/Intel(R) Management Engine Components/IPT:/mnt/c/Program Files/dotnet:/mnt/c/Program Files/Microsoft SQL Server/130/Tools/Binn:/mnt/c/Program Files/Git/cmd:/mnt/c/Program Files/Microsoft DNX/Dnvm:/mnt/c/Program Files/Microsoft SQL Server/120/Tools/Binn:/mnt/c/Program Files/Microsoft SQL Server/110/Tools/Binn:/mnt/c/Program Files (x86)/NVIDIA Corporation/PhysX/Common:/mnt/c/Program Files/Intel/WiFi/bin:/mnt/c/Program Files/Common Files/Intel/WirelessCommon:/mnt/c/Program Files (x86)/GnuWin32/bin:/mnt/c/MinGW/bin:/mnt/c/Program Files (x86)/Windows Kits/10/Windows Performance Toolkit:/mnt/c/Program Files (x86)/MySQL/MySQL Utilities 1.6:/mnt/c/Program Files/MySQL/MySQL Workbench 6.3 CE:/mnt/c/Program Files/MongoDB/Server/3.6/bin:/mnt/c/Program Files/PuTTY:/mnt/c/Program Files/Microsoft/Web Platform Installer:/mnt/c/Software/vim:/mnt/c/ProgramData/chocolatey/bin:/mnt/c/Windows/System32:/mnt/c/Windows:/mnt/c/Windows/System32/wbem:/mnt/c/Windows/System32/WindowsPowerShell/v1.0:/mnt/c/Windows/System32/OpenSSH:/mnt/c/Program Files (x86)/Microsoft SQL Server/Client SDK/ODBC/130/Tools/Binn:/mnt/c/Program Files (x86)/Microsoft SQL Server/140/Tools/Binn:/mnt/c/Program Files (x86)/Microsoft SQL Server/140/DTS/Binn:/mnt/c/Program Files (x86)/Microsoft SQL Server/140/Tools/Binn/ManagementStudio:/mnt/c/Program Files (x86)/Brackets/command:/mnt/c/Program Files/Microsoft VS Code/bin:/mnt/c/Software/util/cmder:/mnt/c/Users/mark.FEELANET/AppData/Local/Microsoft/WindowsApps:/mnt/c/Program Files/Microsoft VS Code/bin:/mnt/c/Users/mark.FEELANET/AppData/Local/Programs/Fiddler:/mnt/c/Users/mark.FEELANET/AppData/Roaming/npm:/mnt/c/Tools/neovim/Neovim/bin:/mnt/c/Users/mark.FEELANET/AppData/Local/Microsoft/WindowsApps:/mnt/c/Users/mark.FEELANET/AppData/Local/GitHubDesktop/bin:/mnt/c/Users/mark.FEELANET/AppData/Roaming/nvm:/mnt/c/Users/mark.FEELANET/AppData/Roaming/nvm/v6.11.5:/mnt/c/Program Files/Git/mingw64:/mnt/c/Program Files/Git/usr/bin:/snap/bin

Yarn version: 
  1.3.2

Node version: 
  8.11.1

Platform: 
  linux x64

npm manifest: 
  {
    "main": "node_modules/expo/AppEntry.js",
    "private": true,
    "dependencies": {
      "expo": "^28.0.0",
      "react": "16.3.1",
      "react-native": "https://github.com/expo/react-native/archive/sdk-28.0.0.tar.gz"
    }
  }

yarn manifest: 
  No manifest

Lockfile: 
  No lockfile

Trace: 
  Error: connect ECONNREFUSED 104.16.21.35:443
      at Object._errnoException (util.js:1022:11)
      at _exceptionWithHostPort (util.js:1044:20)
      at TCPConnectWrap.afterConnect [as oncomplete] (net.js:1198:14)
